e:\university\ii semester\kursach\project\eight_queens\x64\debug\vc142.pdb
e:\university\ii semester\kursach\project\eight_queens\x64\debug\.netframework,version=v4.7.2.assemblyattributes.obj
e:\university\ii semester\kursach\project\eight_queens\x64\debug\methods.obj
e:\university\ii semester\kursach\project\eight_queens\x64\debug\form1.obj
e:\university\ii semester\kursach\project\eight_queens\x64\debug\cppclr_winformsprojekt.obj
e:\university\ii semester\kursach\project\eight_queens\x64\debug\assemblyinfo.obj
e:\university\ii semester\kursach\project\eight_queens\x64\debug\eight_queens.pch
e:\university\ii semester\kursach\project\eight_queens\x64\debug\pch.obj
e:\university\ii semester\kursach\project\eight_queens\x64\debug\main.obj
e:\university\ii semester\kursach\project\eight_queens\x64\debug\tree.obj
e:\university\ii semester\kursach\project\eight_queens\x64\debug\chessboard.obj
e:\university\ii semester\kursach\project\eight_queens\x64\debug\eight_queens.form1.resources
e:\university\ii semester\kursach\project\eight_queens\x64\debug\eight_queens.exe
e:\university\ii semester\kursach\project\eight_queens\x64\debug\eight_queens.pdb
e:\university\ii semester\kursach\project\eight_queens\x64\debug\app.res
e:\university\ii semester\kursach\project\eight_queens\x64\debug\eight_queens.exe.metagen
e:\university\ii semester\kursach\project\eight_queens\x64\debug\eight_queens.tlog\cl.command.1.tlog
e:\university\ii semester\kursach\project\eight_queens\x64\debug\eight_queens.tlog\cl.read.1.tlog
e:\university\ii semester\kursach\project\eight_queens\x64\debug\eight_queens.tlog\cl.write.1.tlog
e:\university\ii semester\kursach\project\eight_queens\x64\debug\eight_queens.tlog\eight_queens.write.1u.tlog
e:\university\ii semester\kursach\project\eight_queens\x64\debug\eight_queens.tlog\link.command.1.tlog
e:\university\ii semester\kursach\project\eight_queens\x64\debug\eight_queens.tlog\link.read.1.tlog
e:\university\ii semester\kursach\project\eight_queens\x64\debug\eight_queens.tlog\link.write.1.tlog
e:\university\ii semester\kursach\project\eight_queens\x64\debug\eight_queens.tlog\metagen.read.1.tlog
e:\university\ii semester\kursach\project\eight_queens\x64\debug\eight_queens.tlog\metagen.write.1.tlog
e:\university\ii semester\kursach\project\eight_queens\x64\debug\eight_queens.tlog\rc.command.1.tlog
e:\university\ii semester\kursach\project\eight_queens\x64\debug\eight_queens.tlog\rc.read.1.tlog
e:\university\ii semester\kursach\project\eight_queens\x64\debug\eight_queens.tlog\rc.write.1.tlog
